<?xml version="1.0" encoding="UTF-8"?>
<!-- Generated by org.testng.reporters.JUnitReportReporter -->
<testsuite hostname="DESKTOP-DHSI56N" failures="0" tests="6" name="api_test.DDTest" time="8.242" errors="0" timestamp="2025-07-19T01:13:32 IST" skipped="0">
  <testcase classname="api_test.DDTest" name="testPostUser" time="1.365"/>
  <testcase classname="api_test.DDTest" name="testPostUser" time="1.377"/>
  <testcase classname="api_test.DDTest" name="testPostUser" time="1.432"/>
  <testcase classname="api_test.DDTest" name="testDeleteUserByName" time="1.407"/>
  <testcase classname="api_test.DDTest" name="testDeleteUserByName" time="1.352"/>
  <testcase classname="api_test.DDTest" name="testDeleteUserByName" time="1.309"/>
</testsuite> <!-- api_test.DDTest -->
