<?xml version="1.0" encoding="UTF-8"?>
<!-- Generated by org.testng.reporters.JUnitReportReporter -->
<testsuite hostname="DESKTOP-DHSI56N" failures="0" tests="4" name="api_test.UserTest" time="9.098" errors="0" timestamp="2025-07-19T01:13:32 IST" skipped="0">
  <testcase classname="api_test.UserTest" name="testpostUser" time="3.505"/>
  <testcase classname="api_test.UserTest" name="testGetUserByName" time="1.381"/>
  <testcase classname="api_test.UserTest" name="testUpdateUserByName" time="2.813"/>
  <testcase classname="api_test.UserTest" name="testDeleteUserByName" time="1.399"/>
</testsuite> <!-- api_test.UserTest -->
